d:\uvg\proyecto de investigación\diseño e innovación i\proyecto i\rackafx\synthesizer\rafx2 winbuild\build\vc142.pdb
d:\uvg\proyecto de investigación\diseño e innovación i\proyecto i\rackafx\synthesizer\rafx2 winbuild\build\vc142.idb
d:\uvg\proyecto de investigación\diseño e innovación i\proyecto i\rackafx\synthesizer\rafx2 winbuild\build\vstgui_uidescription_win32.obj
d:\uvg\proyecto de investigación\diseño e innovación i\proyecto i\rackafx\synthesizer\rafx2 winbuild\build\vstgui_win32.obj
d:\uvg\proyecto de investigación\diseño e innovación i\proyecto i\rackafx\synthesizer\rafx2 winbuild\build\customcontrols.obj
d:\uvg\proyecto de investigación\diseño e innovación i\proyecto i\rackafx\synthesizer\rafx2 winbuild\build\customviews.obj
d:\uvg\proyecto de investigación\diseño e innovación i\proyecto i\rackafx\synthesizer\rafx2 winbuild\build\pluginbase.obj
d:\uvg\proyecto de investigación\diseño e innovación i\proyecto i\rackafx\synthesizer\rafx2 winbuild\build\plugincore.obj
d:\uvg\proyecto de investigación\diseño e innovación i\proyecto i\rackafx\synthesizer\rafx2 winbuild\build\plugingui.obj
d:\uvg\proyecto de investigación\diseño e innovación i\proyecto i\rackafx\synthesizer\rafx2 winbuild\build\pluginparameter.obj
d:\uvg\proyecto de investigación\diseño e innovación i\proyecto i\rackafx\synthesizer\rafx2 winbuild\build\fxobjects.obj
d:\uvg\proyecto de investigación\diseño e innovación i\proyecto i\rackafx\synthesizer\rafx2 winbuild\build\rackafxdll.obj
d:\uvg\proyecto de investigación\diseño e innovación i\proyecto i\rackafx\synthesizer\rafx2 winbuild\build\rafx2plugin.obj
d:\uvg\proyecto de investigación\diseño e innovación i\proyecto i\rackafx\synthesizer\rafx2 winbuild\build\rafx2pluginbase.obj
d:\uvg\proyecto de investigación\diseño e innovación i\proyecto i\rackafx\synthesizer\rafx2 winbuild\build\synthesizer.pdb
d:\uvg\proyecto de investigación\diseño e innovación i\proyecto i\rackafx\synthesizer\rafx2 winbuild\build\pluginguimain.res
d:\uvg\proyecto de investigación\diseño e innovación i\proyecto i\rackafx\synthesizer\rafx2 winbuild\build\synthesizer.lib
d:\uvg\proyecto de investigación\diseño e innovación i\proyecto i\rackafx\synthesizer\rafx2 winbuild\build\synthesizer.exp
c:\users\cmlf1\appdata\roaming\rackafx 7.0\plugins\synthesizer.pdb
c:\users\cmlf1\appdata\roaming\rackafx 7.0\plugins\synthesizer.rafx2
d:\uvg\proyecto de investigación\diseño e innovación i\proyecto i\rackafx\synthesizer\rafx2 winbuild\build\synthesizer.tlog\cl.command.1.tlog
d:\uvg\proyecto de investigación\diseño e innovación i\proyecto i\rackafx\synthesizer\rafx2 winbuild\build\synthesizer.tlog\cl.read.1.tlog
d:\uvg\proyecto de investigación\diseño e innovación i\proyecto i\rackafx\synthesizer\rafx2 winbuild\build\synthesizer.tlog\cl.write.1.tlog
d:\uvg\proyecto de investigación\diseño e innovación i\proyecto i\rackafx\synthesizer\rafx2 winbuild\build\synthesizer.tlog\link.command.1.tlog
d:\uvg\proyecto de investigación\diseño e innovación i\proyecto i\rackafx\synthesizer\rafx2 winbuild\build\synthesizer.tlog\link.delete.1.tlog
d:\uvg\proyecto de investigación\diseño e innovación i\proyecto i\rackafx\synthesizer\rafx2 winbuild\build\synthesizer.tlog\link.read.1.tlog
d:\uvg\proyecto de investigación\diseño e innovación i\proyecto i\rackafx\synthesizer\rafx2 winbuild\build\synthesizer.tlog\link.write.1.tlog
d:\uvg\proyecto de investigación\diseño e innovación i\proyecto i\rackafx\synthesizer\rafx2 winbuild\build\synthesizer.tlog\rc.command.1.tlog
d:\uvg\proyecto de investigación\diseño e innovación i\proyecto i\rackafx\synthesizer\rafx2 winbuild\build\synthesizer.tlog\rc.read.1.tlog
d:\uvg\proyecto de investigación\diseño e innovación i\proyecto i\rackafx\synthesizer\rafx2 winbuild\build\synthesizer.tlog\rc.write.1.tlog
d:\uvg\proyecto de investigación\diseño e innovación i\proyecto i\rackafx\synthesizer\rafx2 winbuild\build\synthesizer.tlog\synthesizer.write.1u.tlog
